<?xml version="1.0" encoding="UTF-8"?>
<!-- Generated by org.testng.reporters.JUnitReportReporter -->
<testsuite hostname="DESKTOP-7BM582H" failures="0" tests="2" name="com.att.testcases.CreateNewProjectTest" time="21.157" errors="0" timestamp="14 Oct 2018 10:33:43 GMT" skipped="0">
  <testcase classname="com.att.testcases.CreateNewProjectTest" name="validateCreateNewProjectPageName" time="8.754"/>
  <testcase classname="com.att.testcases.CreateNewProjectTest" name="validateCreateNewProject" time="12.403"/>
</testsuite> <!-- com.att.testcases.CreateNewProjectTest -->
