<?xml version="1.0" encoding="UTF-8"?>
<!-- Generated by org.testng.reporters.JUnitReportReporter -->
<testsuite hostname="DESKTOP-7BM582H" failures="0" tests="1" name="com.att.testcases.ReportsTest" time="11.142" errors="0" timestamp="14 Oct 2018 10:33:43 GMT" skipped="0">
  <testcase classname="com.att.testcases.ReportsTest" name="verifyClickOnCreateReportBtn" time="11.142"/>
</testsuite> <!-- com.att.testcases.ReportsTest -->
