<?xml version="1.0" encoding="UTF-8"?>
<!-- Generated by org.testng.reporters.JUnitReportReporter -->
<testsuite hostname="DESKTOP-7BM582H" failures="0" tests="7" name="com.att.testcases.HomeTest" time="66.929" errors="0" timestamp="14 Oct 2018 10:33:43 GMT" skipped="0">
  <testcase classname="com.att.testcases.HomeTest" name="verifyReportTab" time="9.136"/>
  <testcase classname="com.att.testcases.HomeTest" name="verifySelectSettingsLeaveTypesMenu" time="10.723"/>
  <testcase classname="com.att.testcases.HomeTest" name="verifyProfileName" time="8.150"/>
  <testcase classname="com.att.testcases.HomeTest" name="verifyTaskTabClick" time="12.830"/>
  <testcase classname="com.att.testcases.HomeTest" name="verifySelectSettingsLogoAndColorSchemeMenu" time="7.206"/>
  <testcase classname="com.att.testcases.HomeTest" name="verifySelectSettingsLicensesMenu" time="7.576"/>
  <testcase classname="com.att.testcases.HomeTest" name="verifySelectSettingsBillingTypesMenu" time="11.308"/>
</testsuite> <!-- com.att.testcases.HomeTest -->
