<?xml version="1.0" encoding="UTF-8"?>
<!-- Generated by org.testng.reporters.JUnitReportReporter -->
<testsuite hostname="DESKTOP-7BM582H" failures="0" tests="4" name="com.att.testcases.LoginTest" time="25.922" errors="0" timestamp="14 Oct 2018 10:33:43 GMT" skipped="0">
  <testcase classname="com.att.testcases.LoginTest" name="AttKeepLoginTest" time="10.420"/>
  <testcase classname="com.att.testcases.LoginTest" name="AttLicLinkTest" time="5.100"/>
  <testcase classname="com.att.testcases.LoginTest" name="AttImgeLogoTest" time="4.984"/>
  <testcase classname="com.att.testcases.LoginTest" name="AttLoginTest" time="5.418"/>
</testsuite> <!-- com.att.testcases.LoginTest -->
