<?xml version="1.0" encoding="UTF-8"?>
<!-- Generated by org.testng.reporters.JUnitReportReporter -->
<testsuite hostname="DESKTOP-7BM582H" failures="0" tests="4" name="com.att.testcases.CreateNewCustomerTest" time="45.263" errors="0" timestamp="14 Oct 2018 10:33:43 GMT" skipped="0">
  <testcase classname="com.att.testcases.CreateNewCustomerTest" name="validateDeleteCustomer" time="9.866"/>
  <testcase classname="com.att.testcases.CreateNewCustomerTest" name="validateCreateCustomer" time="8.753"/>
  <testcase classname="com.att.testcases.CreateNewCustomerTest" name="validateCreateNewCustomerPageName" time="9.663"/>
  <testcase classname="com.att.testcases.CreateNewCustomerTest" name="validateCreateNewCustomer" time="16.981"/>
</testsuite> <!-- com.att.testcases.CreateNewCustomerTest -->
