<?xml version="1.0" encoding="UTF-8"?>
<!-- Generated by org.testng.reporters.JUnitReportReporter -->
<testsuite hostname="DESKTOP-7BM582H" failures="0" tests="3" name="com.att.testcases.TasksTest" time="33.851" errors="0" timestamp="14 Oct 2018 10:33:43 GMT" skipped="0">
  <testcase classname="com.att.testcases.TasksTest" name="verifyCreateNewTaskBtnClick" time="12.266"/>
  <testcase classname="com.att.testcases.TasksTest" name="verifyTaskPage" time="10.802"/>
  <testcase classname="com.att.testcases.TasksTest" name="validateProjectAndCustomerTabClick" time="10.783"/>
</testsuite> <!-- com.att.testcases.TasksTest -->
