<?xml version="1.0" encoding="UTF-8"?>
<!-- Generated by org.testng.reporters.JUnitReportReporter -->
<testsuite hostname="DESKTOP-7BM582H" failures="0" tests="12" name="com.att.testcases.CreateNewTasksTest" time="173.222" errors="0" timestamp="14 Oct 2018 10:33:43 GMT" skipped="0">
  <testcase classname="com.att.testcases.CreateNewTasksTest" name="verify_Task_Create_By_Nothing" time="11.061"/>
  <testcase classname="com.att.testcases.CreateNewTasksTest" name="verify_Create_Non_billable_task_using_Existing_Customer" time="13.221"/>
  <testcase classname="com.att.testcases.CreateNewTasksTest" name="verify_Non_Billable_Task_Using_New_Customer_And_New_Project" time="17.912"/>
  <testcase classname="com.att.testcases.CreateNewTasksTest" name="verify_Billable_Task_Using_All_Customer_And_All_Project" time="14.478"/>
  <testcase classname="com.att.testcases.CreateNewTasksTest" name="verifyCreateNewTasksPageName" time="9.960"/>
  <testcase classname="com.att.testcases.CreateNewTasksTest" name="verify_Non_Billable_Task_Using_All_Customer_And_All_Project" time="14.397"/>
  <testcase classname="com.att.testcases.CreateNewTasksTest" name="verifySelectCustomerName" time="10.677"/>
  <testcase classname="com.att.testcases.CreateNewTasksTest" name="verify_Two_Records_Creation_Billable_Task_Using_New_Customer_And_New_Project" time="21.540"/>
  <testcase classname="com.att.testcases.CreateNewTasksTest" name="verify_Billable_Task_Using_New_Customer_And_New_Project" time="16.464"/>
  <testcase classname="com.att.testcases.CreateNewTasksTest" name="validateDefaultRadioButtonSelection" time="12.432"/>
  <testcase classname="com.att.testcases.CreateNewTasksTest" name="verifyCustomerAndTaskCreateAndDelete" time="16.896"/>
  <testcase classname="com.att.testcases.CreateNewTasksTest" name="verify_Create_Billable_task_using_Existing_Customer" time="14.184"/>
</testsuite> <!-- com.att.testcases.CreateNewTasksTest -->
