<?xml version="1.0" encoding="UTF-8"?>
<!-- Generated by org.testng.reporters.JUnitReportReporter -->
<testsuite hostname="DESKTOP-7BM582H" failures="0" tests="2" name="com.att.testcases.BillingSummaryReportExampleTest" time="23.233" errors="0" timestamp="14 Oct 2018 10:33:43 GMT" skipped="0">
  <testcase classname="com.att.testcases.BillingSummaryReportExampleTest" name="validateSwitchToSectionListItemsAndHeading" time="13.015"/>
  <testcase classname="com.att.testcases.BillingSummaryReportExampleTest" name="validateBillingSummaryReportHeading" time="10.218"/>
</testsuite> <!-- com.att.testcases.BillingSummaryReportExampleTest -->
