<?xml version="1.0" encoding="UTF-8"?>
<!-- Generated by org.testng.reporters.JUnitReportReporter -->
<testsuite hostname="DESKTOP-7BM582H" failures="0" tests="3" name="com.att.testcases.ProjectAndCustomerTest" time="38.074" errors="0" timestamp="14 Oct 2018 10:33:43 GMT" skipped="0">
  <testcase classname="com.att.testcases.ProjectAndCustomerTest" name="verifyCreateProjectBtnClick" time="12.120"/>
  <testcase classname="com.att.testcases.ProjectAndCustomerTest" name="verifyCreateCustomerBtnClick" time="10.657"/>
  <testcase classname="com.att.testcases.ProjectAndCustomerTest" name="verifyProjectAndCustomerPageName" time="15.297"/>
</testsuite> <!-- com.att.testcases.ProjectAndCustomerTest -->
