<?xml version="1.0" encoding="UTF-8"?>
<!-- Generated by org.testng.reporters.JUnitReportReporter -->
<testsuite hostname="DESKTOP-7BM582H" failures="0" tests="10" name="com.att.testcases.ChooseReportToCreateTest" time="108.982" errors="0" timestamp="14 Oct 2018 10:33:43 GMT" skipped="0">
  <testcase classname="com.att.testcases.ChooseReportToCreateTest" name="verifyChooseReportWindowTitle" time="9.860"/>
  <testcase classname="com.att.testcases.ChooseReportToCreateTest" name="verifyEstimatedVSActualTimeExampleLinkWindows" time="11.058"/>
  <testcase classname="com.att.testcases.ChooseReportToCreateTest" name="verifyTimeTrackInDetailExampleLinkWindows" time="9.882"/>
  <testcase classname="com.att.testcases.ChooseReportToCreateTest" name="verifyInvoiceExportExampleLinkWindows" time="12.940"/>
  <testcase classname="com.att.testcases.ChooseReportToCreateTest" name="verifyStaffPerformanceExampleLinkWindows" time="10.460"/>
  <testcase classname="com.att.testcases.ChooseReportToCreateTest" name="verifyBillingSummaryExampleLinkWindows" time="10.209"/>
  <testcase classname="com.att.testcases.ChooseReportToCreateTest" name="verifyProfitLossExampleLinkWindows" time="10.824"/>
  <testcase classname="com.att.testcases.ChooseReportToCreateTest" name="verifyLeaveTimeExampleLinkWindows" time="10.301"/>
  <testcase classname="com.att.testcases.ChooseReportToCreateTest" name="verifyCostOfWorkExampleLinkWindows" time="12.303"/>
  <testcase classname="com.att.testcases.ChooseReportToCreateTest" name="verifyOvertimeExampleLinkWindows" time="11.145"/>
</testsuite> <!-- com.att.testcases.ChooseReportToCreateTest -->
