<?xml version="1.0" encoding="UTF-8"?>
<!-- Generated by org.testng.reporters.JUnitReportReporter -->
<testsuite hostname="DESKTOP-7BM582H" failures="0" tests="3" name="com.att.testcases.TasksTest" time="37.699" errors="0" timestamp="14 Oct 2018 11:00:51 GMT" skipped="0">
  <testcase classname="com.att.testcases.TasksTest" name="verifyTaskPage" time="12.502"/>
  <testcase classname="com.att.testcases.TasksTest" name="validateProjectAndCustomerTabClick" time="12.044"/>
  <testcase classname="com.att.testcases.TasksTest" name="verifyCreateNewTaskBtnClick" time="13.153"/>
</testsuite> <!-- com.att.testcases.TasksTest -->
