<?xml version="1.0" encoding="UTF-8"?>
<!-- Generated by org.testng.reporters.JUnitReportReporter -->
<testsuite hostname="DESKTOP-7BM582H" failures="0" tests="10" name="com.att.testcases.ChooseReportToCreateTest" time="125.615" errors="0" timestamp="14 Oct 2018 11:00:51 GMT" skipped="0">
  <testcase classname="com.att.testcases.ChooseReportToCreateTest" name="verifyLeaveTimeExampleLinkWindows" time="12.674"/>
  <testcase classname="com.att.testcases.ChooseReportToCreateTest" name="verifyBillingSummaryExampleLinkWindows" time="13.027"/>
  <testcase classname="com.att.testcases.ChooseReportToCreateTest" name="verifyProfitLossExampleLinkWindows" time="12.897"/>
  <testcase classname="com.att.testcases.ChooseReportToCreateTest" name="verifyCostOfWorkExampleLinkWindows" time="11.489"/>
  <testcase classname="com.att.testcases.ChooseReportToCreateTest" name="verifyStaffPerformanceExampleLinkWindows" time="13.139"/>
  <testcase classname="com.att.testcases.ChooseReportToCreateTest" name="verifyChooseReportWindowTitle" time="14.618"/>
  <testcase classname="com.att.testcases.ChooseReportToCreateTest" name="verifyEstimatedVSActualTimeExampleLinkWindows" time="11.993"/>
  <testcase classname="com.att.testcases.ChooseReportToCreateTest" name="verifyInvoiceExportExampleLinkWindows" time="11.679"/>
  <testcase classname="com.att.testcases.ChooseReportToCreateTest" name="verifyOvertimeExampleLinkWindows" time="11.850"/>
  <testcase classname="com.att.testcases.ChooseReportToCreateTest" name="verifyTimeTrackInDetailExampleLinkWindows" time="12.249"/>
</testsuite> <!-- com.att.testcases.ChooseReportToCreateTest -->
