<?xml version="1.0" encoding="UTF-8"?>
<!-- Generated by org.testng.reporters.JUnitReportReporter -->
<testsuite hostname="DESKTOP-7BM582H" failures="0" tests="4" name="com.att.testcases.LoginTest" time="38.666" errors="0" timestamp="14 Oct 2018 11:00:51 GMT" skipped="0">
  <testcase classname="com.att.testcases.LoginTest" name="AttKeepLoginTest" time="8.785"/>
  <testcase classname="com.att.testcases.LoginTest" name="AttLoginTest" time="11.435"/>
  <testcase classname="com.att.testcases.LoginTest" name="AttLicLinkTest" time="10.143"/>
  <testcase classname="com.att.testcases.LoginTest" name="AttImgeLogoTest" time="8.303"/>
</testsuite> <!-- com.att.testcases.LoginTest -->
