<?xml version="1.0" encoding="UTF-8"?>
<!-- Generated by org.testng.reporters.JUnitReportReporter -->
<testsuite hostname="DESKTOP-7BM582H" failures="0" tests="12" name="com.att.testcases.CreateNewTasksTest" time="199.075" errors="0" timestamp="14 Oct 2018 11:00:51 GMT" skipped="0">
  <testcase classname="com.att.testcases.CreateNewTasksTest" name="verify_Create_Non_billable_task_using_Existing_Customer" time="16.828"/>
  <testcase classname="com.att.testcases.CreateNewTasksTest" name="verify_Create_Billable_task_using_Existing_Customer" time="14.848"/>
  <testcase classname="com.att.testcases.CreateNewTasksTest" name="verify_Two_Records_Creation_Billable_Task_Using_New_Customer_And_New_Project" time="21.856"/>
  <testcase classname="com.att.testcases.CreateNewTasksTest" name="validateDefaultRadioButtonSelection" time="14.499"/>
  <testcase classname="com.att.testcases.CreateNewTasksTest" name="verifySelectCustomerName" time="12.573"/>
  <testcase classname="com.att.testcases.CreateNewTasksTest" name="verifyCustomerAndTaskCreateAndDelete" time="19.032"/>
  <testcase classname="com.att.testcases.CreateNewTasksTest" name="verify_Billable_Task_Using_All_Customer_And_All_Project" time="16.358"/>
  <testcase classname="com.att.testcases.CreateNewTasksTest" name="verify_Task_Create_By_Nothing" time="14.373"/>
  <testcase classname="com.att.testcases.CreateNewTasksTest" name="verify_Non_Billable_Task_Using_New_Customer_And_New_Project" time="19.814"/>
  <testcase classname="com.att.testcases.CreateNewTasksTest" name="verifyCreateNewTasksPageName" time="12.754"/>
  <testcase classname="com.att.testcases.CreateNewTasksTest" name="verify_Billable_Task_Using_New_Customer_And_New_Project" time="18.634"/>
  <testcase classname="com.att.testcases.CreateNewTasksTest" name="verify_Non_Billable_Task_Using_All_Customer_And_All_Project" time="17.506"/>
</testsuite> <!-- com.att.testcases.CreateNewTasksTest -->
