<?xml version="1.0" encoding="UTF-8"?>
<!-- Generated by org.testng.reporters.JUnitReportReporter -->
<testsuite hostname="DESKTOP-7BM582H" failures="0" tests="7" name="com.att.testcases.HomeTest" time="90.938" errors="0" timestamp="14 Oct 2018 11:00:51 GMT" skipped="0">
  <testcase classname="com.att.testcases.HomeTest" name="verifyReportTab" time="10.368"/>
  <testcase classname="com.att.testcases.HomeTest" name="verifySelectSettingsLeaveTypesMenu" time="25.883"/>
  <testcase classname="com.att.testcases.HomeTest" name="verifySelectSettingsLogoAndColorSchemeMenu" time="9.945"/>
  <testcase classname="com.att.testcases.HomeTest" name="verifyTaskTabClick" time="11.059"/>
  <testcase classname="com.att.testcases.HomeTest" name="verifySelectSettingsBillingTypesMenu" time="12.819"/>
  <testcase classname="com.att.testcases.HomeTest" name="verifySelectSettingsLicensesMenu" time="11.376"/>
  <testcase classname="com.att.testcases.HomeTest" name="verifyProfileName" time="9.488"/>
</testsuite> <!-- com.att.testcases.HomeTest -->
