<?xml version="1.0" encoding="UTF-8"?>
<!-- Generated by org.testng.reporters.JUnitReportReporter -->
<testsuite hostname="DESKTOP-7BM582H" failures="0" tests="2" name="com.att.testcases.CreateNewProjectTest" time="24.731" errors="0" timestamp="14 Oct 2018 11:00:51 GMT" skipped="0">
  <testcase classname="com.att.testcases.CreateNewProjectTest" name="validateCreateNewProjectPageName" time="10.879"/>
  <testcase classname="com.att.testcases.CreateNewProjectTest" name="validateCreateNewProject" time="13.852"/>
</testsuite> <!-- com.att.testcases.CreateNewProjectTest -->
