<?xml version="1.0" encoding="UTF-8"?>
<!-- Generated by org.testng.reporters.JUnitReportReporter -->
<testsuite hostname="DESKTOP-7BM582H" failures="0" tests="4" name="com.att.testcases.CreateNewCustomerTest" time="53.651" errors="0" timestamp="14 Oct 2018 11:00:51 GMT" skipped="0">
  <testcase classname="com.att.testcases.CreateNewCustomerTest" name="validateCreateNewCustomer" time="13.047"/>
  <testcase classname="com.att.testcases.CreateNewCustomerTest" name="validateCreateNewCustomerPageName" time="12.887"/>
  <testcase classname="com.att.testcases.CreateNewCustomerTest" name="validateCreateCustomer" time="13.789"/>
  <testcase classname="com.att.testcases.CreateNewCustomerTest" name="validateDeleteCustomer" time="13.928"/>
</testsuite> <!-- com.att.testcases.CreateNewCustomerTest -->
