<?xml version="1.0" encoding="UTF-8"?>
<!-- Generated by org.testng.reporters.JUnitReportReporter -->
<testsuite hostname="DESKTOP-7BM582H" failures="0" tests="1" name="TestDemo" time="0.025" errors="0" timestamp="27 Sep 2018 08:17:00 GMT" skipped="0">
  <testcase classname="TestDemo" name="demoTest" time="0.025"/>
</testsuite> <!-- TestDemo -->
