<?xml version="1.0" encoding="UTF-8"?>
<!-- Generated by org.testng.reporters.JUnitReportReporter -->
<testsuite hostname="DESKTOP-7BM582H" failures="0" tests="3" name="com.att.testcases.ProjectAndCustomerTest" time="32.508" errors="0" timestamp="14 Oct 2018 11:00:51 GMT" skipped="0">
  <testcase classname="com.att.testcases.ProjectAndCustomerTest" name="verifyCreateProjectBtnClick" time="10.501"/>
  <testcase classname="com.att.testcases.ProjectAndCustomerTest" name="verifyProjectAndCustomerPageName" time="10.778"/>
  <testcase classname="com.att.testcases.ProjectAndCustomerTest" name="verifyCreateCustomerBtnClick" time="11.229"/>
</testsuite> <!-- com.att.testcases.ProjectAndCustomerTest -->
