<?xml version="1.0" encoding="UTF-8"?>
<!-- Generated by org.testng.reporters.JUnitReportReporter -->
<testsuite hostname="DESKTOP-7BM582H" failures="0" tests="4" name="com.att.testcases.LoginTest" time="25.739" errors="0" timestamp="10 Oct 2018 13:16:32 GMT" skipped="0">
  <testcase classname="com.att.testcases.LoginTest" name="AttImgeLogoTest" time="4.895"/>
  <testcase classname="com.att.testcases.LoginTest" name="AttLicLinkTest" time="5.312"/>
  <testcase classname="com.att.testcases.LoginTest" name="AttLoginTest" time="9.499"/>
  <testcase classname="com.att.testcases.LoginTest" name="AttKeepLoginTest" time="6.033"/>
</testsuite> <!-- com.att.testcases.LoginTest -->
