<?xml version="1.0" encoding="UTF-8"?>
<!-- Generated by org.testng.reporters.JUnitReportReporter -->
<testsuite hostname="DESKTOP-7BM582H" failures="0" tests="1" name="com.att.testcases.ReportsTest" time="9.946" errors="0" timestamp="22 Oct 2018 09:42:02 GMT" skipped="0">
  <testcase classname="com.att.testcases.ReportsTest" name="verifyClickOnCreateReportBtn" time="9.946"/>
</testsuite> <!-- com.att.testcases.ReportsTest -->
