<?xml version="1.0" encoding="UTF-8"?>
<!-- Generated by org.testng.reporters.JUnitReportReporter -->
<testsuite hostname="DESKTOP-7BM582H" failures="0" tests="4" name="com.att.testcases.LoginTest" time="47.362" errors="0" timestamp="09 Oct 2018 15:42:24 GMT" skipped="0">
  <testcase classname="com.att.testcases.LoginTest" name="AttImgeLogoTest" time="9.600"/>
  <testcase classname="com.att.testcases.LoginTest" name="AttLicLinkTest" time="9.014"/>
  <testcase classname="com.att.testcases.LoginTest" name="AttLoginTest" time="13.835"/>
  <testcase classname="com.att.testcases.LoginTest" name="AttKeepLoginTest" time="14.913"/>
</testsuite> <!-- com.att.testcases.LoginTest -->
