<?xml version="1.0" encoding="UTF-8"?>
<!-- Generated by org.testng.reporters.JUnitReportReporter -->
<testsuite hostname="DESKTOP-7BM582H" failures="0" tests="3" name="com.att.testcases.TasksTest" time="32.404" errors="0" timestamp="23 Oct 2018 11:23:27 GMT" skipped="0">
  <testcase classname="com.att.testcases.TasksTest" name="validateProjectAndCustomerTabClick" time="10.279"/>
  <testcase classname="com.att.testcases.TasksTest" name="verifyTaskPage" time="12.407"/>
  <testcase classname="com.att.testcases.TasksTest" name="verifyCreateNewTaskBtnClick" time="9.718"/>
</testsuite> <!-- com.att.testcases.TasksTest -->
