<?xml version="1.0" encoding="UTF-8"?>
<!-- Generated by org.testng.reporters.JUnitReportReporter -->
<testsuite hostname="DESKTOP-7BM582H" failures="0" tests="4" name="com.att.testcases.LoginTest" time="20.656" errors="0" timestamp="28 Sep 2018 11:21:18 GMT" skipped="0">
  <testcase classname="com.att.testcases.LoginTest" name="AttKeepLoginTest" time="5.763"/>
  <testcase classname="com.att.testcases.LoginTest" name="AttLicLinkTest" time="5.164"/>
  <testcase classname="com.att.testcases.LoginTest" name="AttImgeLogoTest" time="4.597"/>
  <testcase classname="com.att.testcases.LoginTest" name="AttLoginTest" time="5.132"/>
</testsuite> <!-- com.att.testcases.LoginTest -->
