<?xml version="1.0" encoding="UTF-8"?>
<!-- Generated by org.testng.reporters.JUnitReportReporter -->
<testsuite hostname="DESKTOP-7BM582H" failures="0" tests="10" name="com.att.testcases.ChooseReportToCreateTest" time="107.965" errors="0" timestamp="23 Oct 2018 11:23:27 GMT" skipped="0">
  <testcase classname="com.att.testcases.ChooseReportToCreateTest" name="verifyOvertimeExampleLinkWindows" time="13.162"/>
  <testcase classname="com.att.testcases.ChooseReportToCreateTest" name="verifyStaffPerformanceExampleLinkWindows" time="10.583"/>
  <testcase classname="com.att.testcases.ChooseReportToCreateTest" name="verifyProfitLossExampleLinkWindows" time="10.701"/>
  <testcase classname="com.att.testcases.ChooseReportToCreateTest" name="verifyCostOfWorkExampleLinkWindows" time="11.954"/>
  <testcase classname="com.att.testcases.ChooseReportToCreateTest" name="verifyEstimatedVSActualTimeExampleLinkWindows" time="9.981"/>
  <testcase classname="com.att.testcases.ChooseReportToCreateTest" name="verifyChooseReportWindowTitle" time="9.768"/>
  <testcase classname="com.att.testcases.ChooseReportToCreateTest" name="verifyLeaveTimeExampleLinkWindows" time="10.440"/>
  <testcase classname="com.att.testcases.ChooseReportToCreateTest" name="verifyInvoiceExportExampleLinkWindows" time="11.184"/>
  <testcase classname="com.att.testcases.ChooseReportToCreateTest" name="verifyTimeTrackInDetailExampleLinkWindows" time="9.988"/>
  <testcase classname="com.att.testcases.ChooseReportToCreateTest" name="verifyBillingSummaryExampleLinkWindows" time="10.204"/>
</testsuite> <!-- com.att.testcases.ChooseReportToCreateTest -->
