<?xml version="1.0" encoding="UTF-8"?>
<!-- Generated by org.testng.reporters.JUnitReportReporter -->
<testsuite hostname="DESKTOP-7BM582H" failures="0" tests="4" name="com.att.testcases.LoginTest" time="24.776" errors="0" timestamp="23 Oct 2018 11:23:27 GMT" skipped="0">
  <testcase classname="com.att.testcases.LoginTest" name="AttKeepLoginTest" time="6.130"/>
  <testcase classname="com.att.testcases.LoginTest" name="AttLicLinkTest" time="5.247"/>
  <testcase classname="com.att.testcases.LoginTest" name="AttImgeLogoTest" time="6.669"/>
  <testcase classname="com.att.testcases.LoginTest" name="AttLoginTest" time="6.730"/>
</testsuite> <!-- com.att.testcases.LoginTest -->
