<?xml version="1.0" encoding="UTF-8"?>
<!-- Generated by org.testng.reporters.JUnitReportReporter -->
<testsuite hostname="DESKTOP-7BM582H" failures="0" tests="1" name="com.att.testcases.LicensesTest" time="13.084" errors="0" timestamp="10 Oct 2018 13:16:32 GMT" skipped="0">
  <testcase classname="com.att.testcases.LicensesTest" name="verifyLicensesPageName" time="13.084"/>
</testsuite> <!-- com.att.testcases.LicensesTest -->
