<?xml version="1.0" encoding="UTF-8"?>
<!-- Generated by org.testng.reporters.JUnitReportReporter -->
<testsuite hostname="DESKTOP-7BM582H" failures="0" tests="3" name="com.att.testcases.ProjectAndCustomerTest" time="26.896" errors="0" timestamp="23 Oct 2018 11:23:27 GMT" skipped="0">
  <testcase classname="com.att.testcases.ProjectAndCustomerTest" name="verifyProjectAndCustomerPageName" time="7.870"/>
  <testcase classname="com.att.testcases.ProjectAndCustomerTest" name="verifyCreateCustomerBtnClick" time="10.114"/>
  <testcase classname="com.att.testcases.ProjectAndCustomerTest" name="verifyCreateProjectBtnClick" time="8.912"/>
</testsuite> <!-- com.att.testcases.ProjectAndCustomerTest -->
