<?xml version="1.0" encoding="UTF-8"?>
<!-- Generated by org.testng.reporters.JUnitReportReporter -->
<testsuite hostname="DESKTOP-7BM582H" failures="0" tests="1" name="com.att.testcases.LicensesTest" time="8.807" errors="0" timestamp="22 Oct 2018 09:42:01 GMT" skipped="0">
  <testcase classname="com.att.testcases.LicensesTest" name="verifyLicensesPageName" time="8.807"/>
</testsuite> <!-- com.att.testcases.LicensesTest -->
