<?xml version="1.0" encoding="UTF-8"?>
<!-- Generated by org.testng.reporters.JUnitReportReporter -->
<testsuite hostname="DESKTOP-7BM582H" failures="0" tests="4" name="com.att.testcases.LoginTest" time="21.944" errors="0" timestamp="22 Oct 2018 09:42:03 GMT" skipped="0">
  <testcase classname="com.att.testcases.LoginTest" name="AttLoginTest" time="5.319"/>
  <testcase classname="com.att.testcases.LoginTest" name="AttKeepLoginTest" time="5.475"/>
  <testcase classname="com.att.testcases.LoginTest" name="AttImgeLogoTest" time="6.037"/>
  <testcase classname="com.att.testcases.LoginTest" name="AttLicLinkTest" time="5.113"/>
</testsuite> <!-- com.att.testcases.LoginTest -->
