<?xml version="1.0" encoding="UTF-8"?>
<!-- Generated by org.testng.reporters.JUnitReportReporter -->
<testsuite hostname="DESKTOP-7BM582H" failures="0" tests="2" name="com.att.testcases.BillingSummaryReportExampleTest" time="27.707" errors="0" timestamp="22 Oct 2018 09:42:03 GMT" skipped="0">
  <testcase classname="com.att.testcases.BillingSummaryReportExampleTest" name="validateBillingSummaryReportHeading" time="12.265"/>
  <testcase classname="com.att.testcases.BillingSummaryReportExampleTest" name="validateSwitchToSectionListItemsAndHeading" time="15.442"/>
</testsuite> <!-- com.att.testcases.BillingSummaryReportExampleTest -->
