<?xml version="1.0" encoding="UTF-8"?>
<!-- Generated by org.testng.reporters.JUnitReportReporter -->
<testsuite hostname="DESKTOP-7BM582H" failures="0" tests="2" name="com.att.testcases.TasksTest" time="27.536" errors="0" timestamp="09 Oct 2018 15:42:24 GMT" skipped="0">
  <testcase classname="com.att.testcases.TasksTest" name="verifyTaskPage" time="12.696"/>
  <testcase classname="com.att.testcases.TasksTest" name="verifyCreateNewTaskBtnClick" time="14.840"/>
</testsuite> <!-- com.att.testcases.TasksTest -->
