<?xml version="1.0" encoding="UTF-8"?>
<!-- Generated by org.testng.reporters.JUnitReportReporter -->
<testsuite hostname="DESKTOP-7BM582H" failures="0" tests="4" name="com.att.testcases.CreateNewCustomerTest" time="46.188" errors="0" timestamp="22 Oct 2018 09:42:03 GMT" skipped="0">
  <testcase classname="com.att.testcases.CreateNewCustomerTest" name="validateCreateCustomer" time="11.380"/>
  <testcase classname="com.att.testcases.CreateNewCustomerTest" name="validateDeleteCustomer" time="12.299"/>
  <testcase classname="com.att.testcases.CreateNewCustomerTest" name="validateCreateNewCustomer" time="12.389"/>
  <testcase classname="com.att.testcases.CreateNewCustomerTest" name="validateCreateNewCustomerPageName" time="10.120"/>
</testsuite> <!-- com.att.testcases.CreateNewCustomerTest -->
