<?xml version="1.0" encoding="UTF-8"?>
<!-- Generated by org.testng.reporters.JUnitReportReporter -->
<testsuite hostname="DESKTOP-7BM582H" failures="0" tests="1" name="com.att.testcases.ReportsTest" time="14.817" errors="0" timestamp="10 Oct 2018 13:16:32 GMT" skipped="0">
  <testcase classname="com.att.testcases.ReportsTest" name="verifyReportsTabLinkClick" time="14.817"/>
</testsuite> <!-- com.att.testcases.ReportsTest -->
