<?xml version="1.0" encoding="UTF-8"?>
<!-- Generated by org.testng.reporters.JUnitReportReporter -->
<testsuite hostname="DESKTOP-7BM582H" failures="0" tests="1" name="com.att.testcases.LicensesTest" time="10.547" errors="0" timestamp="09 Oct 2018 15:42:24 GMT" skipped="0">
  <testcase classname="com.att.testcases.LicensesTest" name="verifyLicensesPageName" time="10.547"/>
</testsuite> <!-- com.att.testcases.LicensesTest -->
