<?xml version="1.0" encoding="UTF-8"?>
<!-- Generated by org.testng.reporters.JUnitReportReporter -->
<testsuite hostname="DESKTOP-7BM582H" failures="0" tests="2" name="com.att.testcases.TasksTest" time="23.740" errors="0" timestamp="29 Sep 2018 10:20:11 GMT" skipped="0">
  <testcase classname="com.att.testcases.TasksTest" name="verifyTaskPage" time="13.857"/>
  <testcase classname="com.att.testcases.TasksTest" name="verifyCreateNewTaskBtnClick" time="9.883"/>
</testsuite> <!-- com.att.testcases.TasksTest -->
