<?xml version="1.0" encoding="UTF-8"?>
<!-- Generated by org.testng.reporters.JUnitReportReporter -->
<testsuite hostname="DESKTOP-7BM582H" failures="0" tests="18" name="com.att.testcases.CreateNewTasksTest" time="232.861" errors="0" timestamp="23 Oct 2018 11:23:27 GMT" skipped="0">
  <testcase classname="com.att.testcases.CreateNewTasksTest" name="verify_Task_Create_By_Nothing" time="14.781"/>
  <testcase classname="com.att.testcases.CreateNewTasksTest" name="verify_Task_Create_With_Customer_and_Without_Project" time="10.639"/>
  <testcase classname="com.att.testcases.CreateNewTasksTest" name="verify_Create_Non_billable_task_using_Existing_Customer" time="13.019"/>
  <testcase classname="com.att.testcases.CreateNewTasksTest" name="verify_Non_Billable_Task_Using_All_Customer_And_All_Project" time="14.139"/>
  <testcase classname="com.att.testcases.CreateNewTasksTest" name="verify_Two_Records_Creation_Billable_Task_Using_New_Customer_And_New_Project" time="16.261"/>
  <testcase classname="com.att.testcases.CreateNewTasksTest" name="verify_Billable_Task_Using_New_Customer_And_New_Project" time="14.889"/>
  <testcase classname="com.att.testcases.CreateNewTasksTest" name="verify_Non_Billable_Task_Using_New_Customer_And_New_Project" time="17.798"/>
  <testcase classname="com.att.testcases.CreateNewTasksTest" name="verifyCreateNewTasksPageName" time="11.874"/>
  <testcase classname="com.att.testcases.CreateNewTasksTest" name="verify_Task_Create_Without_Customer_and_Project" time="11.661"/>
  <testcase classname="com.att.testcases.CreateNewTasksTest" name="verify_Create_Billable_task_using_Existing_Customer" time="13.332"/>
  <testcase classname="com.att.testcases.CreateNewTasksTest" name="verifyCustomerAndTaskCreateAndDelete" time="13.034"/>
  <testcase classname="com.att.testcases.CreateNewTasksTest" name="verifyDefaultRadioButtonSelection" time="10.958"/>
  <testcase classname="com.att.testcases.CreateNewTasksTest" name="verifySelectCustomerName" time="11.203"/>
  <testcase classname="com.att.testcases.CreateNewTasksTest" name="verify_Task_Create_Without_Customer_and_With_NewProject" time="12.431"/>
  <testcase classname="com.att.testcases.CreateNewTasksTest" name="verify_Billable_Task_Using_All_Customer_And_All_Project" time="12.197"/>
  <testcase classname="com.att.testcases.CreateNewTasksTest" name="verifyClearRow" time="14.292"/>
  <testcase classname="com.att.testcases.CreateNewTasksTest" name="verifyRowLinkText" time="9.259"/>
  <testcase classname="com.att.testcases.CreateNewTasksTest" name="verify_Task_Create_With_NewCustomer_and_Without_Project" time="11.094"/>
</testsuite> <!-- com.att.testcases.CreateNewTasksTest -->
