<?xml version="1.0" encoding="UTF-8"?>
<!-- Generated by org.testng.reporters.JUnitReportReporter -->
<testsuite hostname="DESKTOP-7BM582H" failures="0" tests="6" name="com.att.testcases.HomeTest" time="50.882" errors="0" timestamp="02 Oct 2018 11:59:31 GMT" skipped="0">
  <testcase classname="com.att.testcases.HomeTest" name="verifyReportTab" time="6.007"/>
  <testcase classname="com.att.testcases.HomeTest" name="verifyTasksTab" time="7.041"/>
  <testcase classname="com.att.testcases.HomeTest" name="verifyProfileName" time="7.549"/>
  <testcase classname="com.att.testcases.HomeTest" name="verifyTaskTabClick" time="12.590"/>
  <testcase classname="com.att.testcases.HomeTest" name="verifyBillingTypeTest" time="9.060"/>
  <testcase classname="com.att.testcases.HomeTest" name="verifyLeaveTypeTest" time="8.635"/>
</testsuite> <!-- com.att.testcases.HomeTest -->
