<?xml version="1.0" encoding="UTF-8"?>
<!-- Generated by org.testng.reporters.JUnitReportReporter -->
<testsuite hostname="DESKTOP-7BM582H" failures="0" tests="1" name="com.att.testcases.LeaveTypeTest" time="11.650" errors="0" timestamp="09 Oct 2018 15:42:24 GMT" skipped="0">
  <testcase classname="com.att.testcases.LeaveTypeTest" name="verifyLeaveTypePageName" time="11.650"/>
</testsuite> <!-- com.att.testcases.LeaveTypeTest -->
