<?xml version="1.0" encoding="UTF-8"?>
<!-- Generated by org.testng.reporters.JUnitReportReporter -->
<testsuite hostname="DESKTOP-7BM582H" failures="0" tests="2" name="com.att.testcases.CreateNewProjectTest" time="25.291" errors="0" timestamp="22 Oct 2018 09:42:02 GMT" skipped="0">
  <testcase classname="com.att.testcases.CreateNewProjectTest" name="validateCreateNewProject" time="15.833"/>
  <testcase classname="com.att.testcases.CreateNewProjectTest" name="validateCreateNewProjectPageName" time="9.458"/>
</testsuite> <!-- com.att.testcases.CreateNewProjectTest -->
