<?xml version="1.0" encoding="UTF-8"?>
<!-- Generated by org.testng.reporters.JUnitReportReporter -->
<testsuite hostname="DESKTOP-7BM582H" failures="0" tests="1" name="com.att.testcases.BillingTypeTest" time="8.634" errors="0" timestamp="22 Oct 2018 09:42:03 GMT" skipped="0">
  <testcase classname="com.att.testcases.BillingTypeTest" name="verifyBillingTypePageName" time="8.634"/>
</testsuite> <!-- com.att.testcases.BillingTypeTest -->
