<?xml version="1.0" encoding="UTF-8"?>
<!-- Generated by org.testng.reporters.JUnitReportReporter -->
<testsuite hostname="DESKTOP-7BM582H" failures="0" tests="3" name="com.att.testcases.TasksTest" time="36.261" errors="0" timestamp="10 Oct 2018 13:16:32 GMT" skipped="0">
  <testcase classname="com.att.testcases.TasksTest" name="verifyCreateNewTaskBtnClick" time="10.219"/>
  <testcase classname="com.att.testcases.TasksTest" name="validateProjectAndCustomerTabClick" time="10.324"/>
  <testcase classname="com.att.testcases.TasksTest" name="verifyTaskPage" time="15.718"/>
</testsuite> <!-- com.att.testcases.TasksTest -->
