<?xml version="1.0" encoding="UTF-8"?>
<!-- Generated by org.testng.reporters.JUnitReportReporter -->
<testsuite hostname="DESKTOP-7BM582H" failures="0" tests="3" name="com.att.testcases.TasksTest" time="37.161" errors="0" timestamp="22 Oct 2018 09:42:03 GMT" skipped="0">
  <testcase classname="com.att.testcases.TasksTest" name="validateProjectAndCustomerTabClick" time="12.265"/>
  <testcase classname="com.att.testcases.TasksTest" name="verifyTaskPage" time="12.645"/>
  <testcase classname="com.att.testcases.TasksTest" name="verifyCreateNewTaskBtnClick" time="12.251"/>
</testsuite> <!-- com.att.testcases.TasksTest -->
