<?xml version="1.0" encoding="UTF-8"?>
<!-- Generated by org.testng.reporters.JUnitReportReporter -->
<testsuite hostname="DESKTOP-7BM582H" failures="0" tests="2" name="com.att.testcases.CreateNewProjectTest" time="20.154" errors="0" timestamp="23 Oct 2018 11:23:27 GMT" skipped="0">
  <testcase classname="com.att.testcases.CreateNewProjectTest" name="validateCreateNewProjectPageName" time="8.942"/>
  <testcase classname="com.att.testcases.CreateNewProjectTest" name="validateCreateNewProject" time="11.212"/>
</testsuite> <!-- com.att.testcases.CreateNewProjectTest -->
