<?xml version="1.0" encoding="UTF-8"?>
<!-- Generated by org.testng.reporters.JUnitReportReporter -->
<testsuite hostname="DESKTOP-7BM582H" failures="0" tests="2" name="com.att.testcases.BillingSummaryReportExampleTest" time="25.854" errors="0" timestamp="23 Oct 2018 11:23:27 GMT" skipped="0">
  <testcase classname="com.att.testcases.BillingSummaryReportExampleTest" name="validateSwitchToSectionListItemsAndHeading" time="15.062"/>
  <testcase classname="com.att.testcases.BillingSummaryReportExampleTest" name="validateBillingSummaryReportHeading" time="10.792"/>
</testsuite> <!-- com.att.testcases.BillingSummaryReportExampleTest -->
