<?xml version="1.0" encoding="UTF-8"?>
<!-- Generated by org.testng.reporters.JUnitReportReporter -->
<testsuite hostname="DESKTOP-7BM582H" failures="0" tests="1" name="com.att.testcases.LicensesTest" time="6.492" errors="0" timestamp="23 Oct 2018 11:23:27 GMT" skipped="0">
  <testcase classname="com.att.testcases.LicensesTest" name="verifyLicensesPageName" time="6.492"/>
</testsuite> <!-- com.att.testcases.LicensesTest -->
