<?xml version="1.0" encoding="UTF-8"?>
<!-- Generated by org.testng.reporters.JUnitReportReporter -->
<testsuite hostname="DESKTOP-7BM582H" failures="0" tests="3" name="com.att.testcases.CreateNewTasksTest" time="34.232" errors="0" timestamp="30 Sep 2018 12:03:09 GMT" skipped="0">
  <testcase classname="com.att.testcases.CreateNewTasksTest" name="verifyCreateNewTasksPageName" time="10.023"/>
  <testcase classname="com.att.testcases.CreateNewTasksTest" name="verifyCustomerAndTaskCreateAndDelete" time="13.830"/>
  <testcase classname="com.att.testcases.CreateNewTasksTest" name="verifySelectCustomerName" time="10.379"/>
</testsuite> <!-- com.att.testcases.CreateNewTasksTest -->
