<?xml version="1.0" encoding="UTF-8"?>
<!-- Generated by org.testng.reporters.JUnitReportReporter -->
<testsuite hostname="DESKTOP-7BM582H" failures="0" tests="8" name="com.att.testcases.HomeTest" time="88.648" errors="0" timestamp="09 Oct 2018 15:42:24 GMT" skipped="0">
  <testcase classname="com.att.testcases.HomeTest" name="verifyReportTab" time="11.336"/>
  <testcase classname="com.att.testcases.HomeTest" name="verifySelectSettingsBillingTypesMenu" time="11.635"/>
  <testcase classname="com.att.testcases.HomeTest" name="verifySelectSettingsLicensesMenu" time="10.949"/>
  <testcase classname="com.att.testcases.HomeTest" name="verifyProfileName" time="10.424"/>
  <testcase classname="com.att.testcases.HomeTest" name="verifySelectSettingsLeaveTypesMenu" time="11.341"/>
  <testcase classname="com.att.testcases.HomeTest" name="verifyTasksTab" time="10.104"/>
  <testcase classname="com.att.testcases.HomeTest" name="verifyTaskTabClick" time="11.450"/>
  <testcase classname="com.att.testcases.HomeTest" name="verifySelectSettingsLogoAndColorSchemeMenu" time="11.409"/>
</testsuite> <!-- com.att.testcases.HomeTest -->
