<?xml version="1.0" encoding="UTF-8"?>
<!-- Generated by org.testng.reporters.JUnitReportReporter -->
<testsuite hostname="DESKTOP-7BM582H" failures="0" tests="2" name="com.att.testcases.CreateNewProjectTest" time="18.652" errors="0" timestamp="10 Oct 2018 13:16:32 GMT" skipped="0">
  <testcase classname="com.att.testcases.CreateNewProjectTest" name="validateCreateNewProject" time="10.693"/>
  <testcase classname="com.att.testcases.CreateNewProjectTest" name="validateCreateNewProjectPageName" time="7.959"/>
</testsuite> <!-- com.att.testcases.CreateNewProjectTest -->
