<?xml version="1.0" encoding="UTF-8"?>
<!-- Generated by org.testng.reporters.JUnitReportReporter -->
<testsuite hostname="DESKTOP-7BM582H" failures="0" tests="9" name="com.att.testcases.HomeTest" time="77.929" errors="0" timestamp="23 Oct 2018 11:23:27 GMT" skipped="0">
  <testcase classname="com.att.testcases.HomeTest" name="verifySelectSettingsLogoAndColorSchemeMenu" time="7.003"/>
  <testcase classname="com.att.testcases.HomeTest" name="verifyProfileName" time="7.568"/>
  <testcase classname="com.att.testcases.HomeTest" name="verifyReportTab" time="8.629"/>
  <testcase classname="com.att.testcases.HomeTest" name="verifySelectSettingsLeaveTypesMenu" time="8.909"/>
  <testcase classname="com.att.testcases.HomeTest" name="verifyChickOnNewIconAndChildWindowTitle" time="9.698"/>
  <testcase classname="com.att.testcases.HomeTest" name="verifySelectSettingsLicensesMenu" time="8.662"/>
  <testcase classname="com.att.testcases.HomeTest" name="verifyTaskTabClick" time="9.700"/>
  <testcase classname="com.att.testcases.HomeTest" name="verifyClickOnNewIcon" time="8.782"/>
  <testcase classname="com.att.testcases.HomeTest" name="verifySelectSettingsBillingTypesMenu" time="8.978"/>
</testsuite> <!-- com.att.testcases.HomeTest -->
