<?xml version="1.0" encoding="UTF-8"?>
<!-- Generated by org.testng.reporters.JUnitReportReporter -->
<testsuite hostname="DESKTOP-7BM582H" failures="0" tests="8" name="com.att.testcases.HomeTest" time="84.599" errors="0" timestamp="10 Oct 2018 13:16:32 GMT" skipped="0">
  <testcase classname="com.att.testcases.HomeTest" name="verifySelectSettingsLeaveTypesMenu" time="13.693"/>
  <testcase classname="com.att.testcases.HomeTest" name="verifyProfileName" time="6.667"/>
  <testcase classname="com.att.testcases.HomeTest" name="verifySelectSettingsLicensesMenu" time="10.355"/>
  <testcase classname="com.att.testcases.HomeTest" name="verifySelectSettingsLogoAndColorSchemeMenu" time="13.442"/>
  <testcase classname="com.att.testcases.HomeTest" name="verifyTasksTab" time="10.740"/>
  <testcase classname="com.att.testcases.HomeTest" name="verifyReportTab" time="12.376"/>
  <testcase classname="com.att.testcases.HomeTest" name="verifySelectSettingsBillingTypesMenu" time="8.246"/>
  <testcase classname="com.att.testcases.HomeTest" name="verifyTaskTabClick" time="9.080"/>
</testsuite> <!-- com.att.testcases.HomeTest -->
