<?xml version="1.0" encoding="UTF-8"?>
<!-- Generated by org.testng.reporters.JUnitReportReporter -->
<testsuite hostname="DESKTOP-7BM582H" failures="0" tests="4" name="com.att.testcases.CreateNewCustomerTest" time="37.577" errors="0" timestamp="23 Oct 2018 11:23:27 GMT" skipped="0">
  <testcase classname="com.att.testcases.CreateNewCustomerTest" name="validateCreateCustomer" time="9.173"/>
  <testcase classname="com.att.testcases.CreateNewCustomerTest" name="validateCreateNewCustomer" time="10.148"/>
  <testcase classname="com.att.testcases.CreateNewCustomerTest" name="validateDeleteCustomer" time="9.165"/>
  <testcase classname="com.att.testcases.CreateNewCustomerTest" name="validateCreateNewCustomerPageName" time="9.091"/>
</testsuite> <!-- com.att.testcases.CreateNewCustomerTest -->
