<?xml version="1.0" encoding="UTF-8"?>
<!-- Generated by org.testng.reporters.JUnitReportReporter -->
<testsuite hostname="DESKTOP-7BM582H" failures="0" tests="12" name="com.att.testcases.CreateNewTasksTest" time="207.003" errors="0" timestamp="09 Oct 2018 15:42:24 GMT" skipped="0">
  <testcase classname="com.att.testcases.CreateNewTasksTest" name="verifyCustomerAndTaskCreateAndDelete" time="19.921"/>
  <testcase classname="com.att.testcases.CreateNewTasksTest" name="verifySelectCustomerName" time="15.086"/>
  <testcase classname="com.att.testcases.CreateNewTasksTest" name="verify_Create_Non_billable_task_using_Existing_Customer" time="18.473"/>
  <testcase classname="com.att.testcases.CreateNewTasksTest" name="verify_Billable_Task_Using_New_Customer_And_New_Project" time="17.404"/>
  <testcase classname="com.att.testcases.CreateNewTasksTest" name="verify_Create_Billable_task_using_Existing_Customer" time="17.098"/>
  <testcase classname="com.att.testcases.CreateNewTasksTest" name="verify_Billable_Task_Using_All_Customer_And_All_Project" time="16.895"/>
  <testcase classname="com.att.testcases.CreateNewTasksTest" name="verify_Task_Create_By_Nothing" time="15.418"/>
  <testcase classname="com.att.testcases.CreateNewTasksTest" name="verify_Two_Records_Creation_Billable_Task_Using_New_Customer_And_New_Project" time="23.260"/>
  <testcase classname="com.att.testcases.CreateNewTasksTest" name="verifyCreateNewTasksPageName" time="14.220"/>
  <testcase classname="com.att.testcases.CreateNewTasksTest" name="verify_Non_Billable_Task_Using_All_Customer_And_All_Project" time="18.487"/>
  <testcase classname="com.att.testcases.CreateNewTasksTest" name="verify_Non_Billable_Task_Using_New_Customer_And_New_Project" time="17.633"/>
  <testcase classname="com.att.testcases.CreateNewTasksTest" name="validateDefaultRadioButtonSelection" time="13.108"/>
</testsuite> <!-- com.att.testcases.CreateNewTasksTest -->
