<?xml version="1.0" encoding="UTF-8"?>
<!-- Generated by org.testng.reporters.JUnitReportReporter -->
<testsuite hostname="DESKTOP-7BM582H" failures="0" tests="2" name="com.att.testcases.BillingSummaryReportExampleTest" time="26.066" errors="0" timestamp="14 Oct 2018 11:00:51 GMT" skipped="0">
  <testcase classname="com.att.testcases.BillingSummaryReportExampleTest" name="validateBillingSummaryReportHeading" time="12.645"/>
  <testcase classname="com.att.testcases.BillingSummaryReportExampleTest" name="validateSwitchToSectionListItemsAndHeading" time="13.421"/>
</testsuite> <!-- com.att.testcases.BillingSummaryReportExampleTest -->
