<?xml version="1.0" encoding="UTF-8"?>
<!-- Generated by org.testng.reporters.JUnitReportReporter -->
<testsuite hostname="DESKTOP-7BM582H" failures="0" tests="3" name="com.att.testcases.ProjectAndCustomerTest" time="34.875" errors="0" timestamp="10 Oct 2018 13:16:32 GMT" skipped="0">
  <testcase classname="com.att.testcases.ProjectAndCustomerTest" name="verifyProjectAndCustomerPageName" time="12.798"/>
  <testcase classname="com.att.testcases.ProjectAndCustomerTest" name="verifyCreateCustomerBtnClick" time="8.645"/>
  <testcase classname="com.att.testcases.ProjectAndCustomerTest" name="verifyCreateProjectBtnClick" time="13.432"/>
</testsuite> <!-- com.att.testcases.ProjectAndCustomerTest -->
