<?xml version="1.0" encoding="UTF-8"?>
<!-- Generated by org.testng.reporters.JUnitReportReporter -->
<testsuite hostname="DESKTOP-7BM582H" failures="0" tests="4" name="com.att.testcases.CreateNewCustomerTest" time="45.797" errors="0" timestamp="10 Oct 2018 13:16:32 GMT" skipped="0">
  <testcase classname="com.att.testcases.CreateNewCustomerTest" name="validateDeleteCustomer" time="16.332"/>
  <testcase classname="com.att.testcases.CreateNewCustomerTest" name="validateCreateCustomer" time="9.216"/>
  <testcase classname="com.att.testcases.CreateNewCustomerTest" name="validateCreateNewCustomer" time="11.826"/>
  <testcase classname="com.att.testcases.CreateNewCustomerTest" name="validateCreateNewCustomerPageName" time="8.423"/>
</testsuite> <!-- com.att.testcases.CreateNewCustomerTest -->
