<?xml version="1.0" encoding="UTF-8"?>
<!-- Generated by org.testng.reporters.JUnitReportReporter -->
<testsuite hostname="DESKTOP-7BM582H" failures="0" tests="9" name="com.att.testcases.HomeTest" time="88.416" errors="0" timestamp="22 Oct 2018 09:42:02 GMT" skipped="0">
  <testcase classname="com.att.testcases.HomeTest" name="verifySelectSettingsLeaveTypesMenu" time="7.895"/>
  <testcase classname="com.att.testcases.HomeTest" name="verifyTaskTabClick" time="11.370"/>
  <testcase classname="com.att.testcases.HomeTest" name="verifyClickOnNewIcon" time="10.709"/>
  <testcase classname="com.att.testcases.HomeTest" name="verifySelectSettingsBillingTypesMenu" time="9.496"/>
  <testcase classname="com.att.testcases.HomeTest" name="verifyReportTab" time="10.350"/>
  <testcase classname="com.att.testcases.HomeTest" name="verifyProfileName" time="7.670"/>
  <testcase classname="com.att.testcases.HomeTest" name="verifySelectSettingsLicensesMenu" time="11.494"/>
  <testcase classname="com.att.testcases.HomeTest" name="verifyChickOnNewIconAndChildWindowTitle" time="9.323"/>
  <testcase classname="com.att.testcases.HomeTest" name="verifySelectSettingsLogoAndColorSchemeMenu" time="10.109"/>
</testsuite> <!-- com.att.testcases.HomeTest -->
